<?xml version="1.0" encoding="UTF-8"?>
<!-- Generated by org.testng.reporters.JUnitReportReporter -->
<testsuite hostname="MSI" failures="0" tests="5" name="swag_labs.test.CartTest" time="65.511" errors="0" timestamp="2023-04-17T00:41:48 CDT" skipped="0">
  <testcase classname="swag_labs.test.CartTest" name="clickContinueShopping" time="0.079"/>
  <system-out/>
  <testcase classname="swag_labs.test.CartTest" name="clickCartIcon" time="0.077"/>
  <system-out/>
  <testcase classname="swag_labs.test.CartTest" name="checkCartIconIsVisibleAndClickable" time="0.030"/>
  <system-out/>
  <testcase classname="swag_labs.test.CartTest" name="removeItemFromCart" time="65.169"/>
  <system-out/>
  <testcase classname="swag_labs.test.CartTest" name="checkout" time="0.156"/>
  <system-out/>
</testsuite> <!-- swag_labs.test.CartTest -->
