<?xml version="1.0" encoding="UTF-8"?>
<!-- Generated by org.testng.reporters.JUnitReportReporter -->
<testsuite hostname="MSI" failures="0" tests="1" name="swag_labs.test.LoginSwagTest" time="2.180" errors="0" timestamp="2023-04-13T21:55:01 CDT" skipped="0">
  <testcase classname="swag_labs.test.LoginSwagTest" name="LoginRightCredentials" time="2.180"/>
  <system-out/>
</testsuite> <!-- swag_labs.test.LoginSwagTest -->
