<?xml version="1.0" encoding="UTF-8"?>
<!-- Generated by org.testng.reporters.JUnitReportReporter -->
<testsuite hostname="MSI" failures="0" tests="1" name="swag_labs.test.ProductsTest" time="0.258" errors="0" timestamp="2023-04-24T20:14:54 CDT" skipped="0">
  <testcase classname="swag_labs.test.ProductsTest" name="CheckSortAtoZ" time="0.258"/>
  <system-out/>
</testsuite> <!-- swag_labs.test.ProductsTest -->
