<?xml version="1.0" encoding="UTF-8"?>
<!-- Generated by org.testng.reporters.JUnitReportReporter -->
<testsuite hostname="MSI" failures="0" tests="1" name="swag_labs.test.MenuTest" time="1.162" errors="0" timestamp="2023-04-15T01:04:30 CDT" skipped="0">
  <testcase classname="swag_labs.test.MenuTest" name="CloseMenu" time="1.162"/>
  <system-out/>
</testsuite> <!-- swag_labs.test.MenuTest -->
