<?xml version="1.0" encoding="UTF-8"?>
<!-- Generated by org.testng.reporters.JUnitReportReporter -->
<testsuite hostname="MSI" failures="0" tests="1" name="swag_labs.test.CheckoutTest" time="0.015" errors="0" timestamp="2023-04-19T20:46:42 CDT" skipped="0">
  <testcase classname="swag_labs.test.CheckoutTest" name="CheckTitlePage" time="0.015"/>
  <system-out/>
</testsuite> <!-- swag_labs.test.CheckoutTest -->
