<?xml version="1.0" encoding="UTF-8"?>
<!-- Generated by org.testng.reporters.JUnitReportReporter -->
<testsuite hostname="MSI" failures="0" tests="1" name="swag_labs.test.ProductsTest" time="0.150" errors="0" timestamp="2023-04-16T15:56:20 CDT" skipped="0">
  <testcase classname="swag_labs.test.ProductsTest" name="CheckSortLowToHigh" time="0.150"/>
  <system-out/>
</testsuite> <!-- swag_labs.test.ProductsTest -->
