<?xml version="1.0" encoding="UTF-8"?>
<!-- Generated by org.testng.reporters.JUnitReportReporter -->
<testsuite hostname="MSI" failures="0" tests="9" name="swag_labs.test.LoginSwagTest" time="17.203" errors="0" timestamp="2023-04-19T21:08:40 CDT" skipped="0">
  <testcase classname="swag_labs.test.LoginSwagTest" name="LoginRightCredentials" time="1.166"/>
  <system-out/>
  <testcase classname="swag_labs.test.LoginSwagTest" name="LoginBlockedUser" time="2.396"/>
  <system-out/>
  <testcase classname="swag_labs.test.LoginSwagTest" name="LoginAllTestsInOne" time="10.481"/>
  <system-out/>
  <testcase classname="swag_labs.test.LoginSwagTest" name="LoginWrongUser" time="0.256"/>
  <system-out/>
  <testcase classname="swag_labs.test.LoginSwagTest" name="LoginWrongUserFormat" time="0.332"/>
  <system-out/>
  <testcase classname="swag_labs.test.LoginSwagTest" name="LoginEmptyUserAndEmptyPassword" time="0.693"/>
  <system-out/>
  <testcase classname="swag_labs.test.LoginSwagTest" name="LoginWrongPassword" time="0.239"/>
  <system-out/>
  <testcase classname="swag_labs.test.LoginSwagTest" name="LoginEmptyUser" time="0.678"/>
  <system-out/>
  <testcase classname="swag_labs.test.LoginSwagTest" name="LoginEmptyPassword" time="0.962"/>
  <system-out/>
</testsuite> <!-- swag_labs.test.LoginSwagTest -->
