<?xml version="1.0" encoding="UTF-8"?>
<!-- Generated by org.testng.reporters.JUnitReportReporter -->
<testsuite hostname="MSI" failures="0" tests="5" name="swag_labs.test.CartTest" time="102.870" errors="0" timestamp="2023-04-17T00:39:59 CDT" skipped="0">
  <testcase classname="swag_labs.test.CartTest" name="removeItemFromCart" time="86.878"/>
  <system-out/>
  <testcase classname="swag_labs.test.CartTest" name="clickCartIcon" time="0.200"/>
  <system-out/>
  <testcase classname="swag_labs.test.CartTest" name="checkout" time="15.619"/>
  <system-out/>
  <testcase classname="swag_labs.test.CartTest" name="clickContinueShopping" time="0.145"/>
  <system-out/>
  <testcase classname="swag_labs.test.CartTest" name="checkCartIconIsVisibleAndClickable" time="0.028"/>
  <system-out/>
</testsuite> <!-- swag_labs.test.CartTest -->
