<?xml version="1.0" encoding="UTF-8"?>
<!-- Generated by org.testng.reporters.JUnitReportReporter -->
<testsuite hostname="MSI" failures="0" tests="9" name="swag_labs.test.LoginSwagTest" time="14.211" errors="0" timestamp="2023-04-24T21:01:57 CDT" skipped="0">
  <testcase classname="swag_labs.test.LoginSwagTest" name="LoginWrongPassword" time="0.419"/>
  <system-out/>
  <testcase classname="swag_labs.test.LoginSwagTest" name="LoginBlockedUser" time="1.121"/>
  <system-out/>
  <testcase classname="swag_labs.test.LoginSwagTest" name="LoginEmptyPassword" time="0.320"/>
  <system-out/>
  <testcase classname="swag_labs.test.LoginSwagTest" name="LoginEmptyUserAndEmptyPassword" time="0.408"/>
  <system-out/>
  <testcase classname="swag_labs.test.LoginSwagTest" name="LoginRightCredentials" time="0.599"/>
  <system-out/>
  <testcase classname="swag_labs.test.LoginSwagTest" name="LoginWrongUser" time="0.245"/>
  <system-out/>
  <testcase classname="swag_labs.test.LoginSwagTest" name="LoginAllTestsInOne" time="10.525"/>
  <system-out/>
  <testcase classname="swag_labs.test.LoginSwagTest" name="LoginWrongUserFormat" time="0.265"/>
  <system-out/>
  <testcase classname="swag_labs.test.LoginSwagTest" name="LoginEmptyUser" time="0.309"/>
  <system-out/>
</testsuite> <!-- swag_labs.test.LoginSwagTest -->
