<?xml version="1.0" encoding="UTF-8"?>
<!-- Generated by org.testng.reporters.JUnitReportReporter -->
<testsuite hostname="MSI" failures="0" tests="1" name="swag_labs.test.CartTest" time="0.164" errors="0" timestamp="2023-04-18T20:55:30 CDT" skipped="0">
  <testcase classname="swag_labs.test.CartTest" name="checkout" time="0.164"/>
  <system-out/>
</testsuite> <!-- swag_labs.test.CartTest -->
