<?xml version="1.0" encoding="UTF-8"?>
<!-- Generated by org.testng.reporters.JUnitReportReporter -->
<testsuite hostname="MSI" failures="0" tests="8" name="swag_labs.test.LoginSwagTest" time="2.969" errors="0" timestamp="2023-04-13T16:10:16 CDT" skipped="0">
  <testcase classname="swag_labs.test.LoginSwagTest" name="LoginBlockedUser" time="0.889"/>
  <system-out/>
  <testcase classname="swag_labs.test.LoginSwagTest" name="LoginEmptyPassword" time="0.219"/>
  <system-out/>
  <testcase classname="swag_labs.test.LoginSwagTest" name="LoginWrongPassword" time="0.177"/>
  <system-out/>
  <testcase classname="swag_labs.test.LoginSwagTest" name="LoginEmptyUserAndEmptyPassword" time="0.185"/>
  <system-out/>
  <testcase classname="swag_labs.test.LoginSwagTest" name="LoginWrongUser" time="0.177"/>
  <system-out/>
  <testcase classname="swag_labs.test.LoginSwagTest" name="LoginSuccessfully" time="0.822"/>
  <system-out/>
  <testcase classname="swag_labs.test.LoginSwagTest" name="LoginWrongUserFormat" time="0.176"/>
  <system-out/>
  <testcase classname="swag_labs.test.LoginSwagTest" name="LoginEmptyUser" time="0.324"/>
  <system-out/>
</testsuite> <!-- swag_labs.test.LoginSwagTest -->
