<?xml version="1.0" encoding="UTF-8"?>
<!-- Generated by org.testng.reporters.JUnitReportReporter -->
<testsuite hostname="MSI" failures="0" tests="1" name="swag_labs.test.LoginSwagTest" time="1.623" errors="0" timestamp="2023-04-16T22:33:31 CDT" skipped="0">
  <testcase classname="swag_labs.test.LoginSwagTest" name="LoginRightCredentials" time="1.623"/>
  <system-out/>
</testsuite> <!-- swag_labs.test.LoginSwagTest -->
